c:\users\pengi\onedrive\デスクトップ\gm31\11_samplelandg\dx11game\x64\debug\vc141.pdb
c:\users\pengi\onedrive\デスクトップ\gm31\11_samplelandg\dx11game\x64\debug\vc141.idb
c:\users\pengi\onedrive\デスクトップ\gm31\11_samplelandg\dx11game\x64\debug\object.obj
c:\users\pengi\onedrive\デスクトップ\gm31\11_samplelandg\dx11game\x64\debug\number.obj
c:\users\pengi\onedrive\デスクトップ\gm31\11_samplelandg\dx11game\x64\debug\model.obj
c:\users\pengi\onedrive\デスクトップ\gm31\11_samplelandg\dx11game\x64\debug\mesh.obj
c:\users\pengi\onedrive\デスクトップ\gm31\11_samplelandg\dx11game\x64\debug\main.obj
c:\users\pengi\onedrive\デスクトップ\gm31\11_samplelandg\dx11game\x64\debug\light.obj
c:\users\pengi\onedrive\デスクトップ\gm31\11_samplelandg\dx11game\x64\debug\land.obj
c:\users\pengi\onedrive\デスクトップ\gm31\11_samplelandg\dx11game\x64\debug\input.obj
c:\users\pengi\onedrive\デスクトップ\gm31\11_samplelandg\dx11game\x64\debug\gameover.obj
c:\users\pengi\onedrive\デスクトップ\gm31\11_samplelandg\dx11game\x64\debug\gameobj.obj
c:\users\pengi\onedrive\デスクトップ\gm31\11_samplelandg\dx11game\x64\debug\gamecamera.obj
c:\users\pengi\onedrive\デスクトップ\gm31\11_samplelandg\dx11game\x64\debug\game.obj
c:\users\pengi\onedrive\デスクトップ\gm31\11_samplelandg\dx11game\x64\debug\fade.obj
c:\users\pengi\onedrive\デスクトップ\gm31\11_samplelandg\dx11game\x64\debug\explosion.obj
c:\users\pengi\onedrive\デスクトップ\gm31\11_samplelandg\dx11game\x64\debug\enemy.obj
c:\users\pengi\onedrive\デスクトップ\gm31\11_samplelandg\dx11game\x64\debug\debugproc.obj
c:\users\pengi\onedrive\デスクトップ\gm31\11_samplelandg\dx11game\x64\debug\clear.obj
c:\users\pengi\onedrive\デスクトップ\gm31\11_samplelandg\dx11game\x64\debug\camera.obj
c:\users\pengi\onedrive\デスクトップ\gm31\11_samplelandg\dx11game\x64\debug\box.obj
c:\users\pengi\onedrive\デスクトップ\gm31\11_samplelandg\dx11game\x64\debug\assimpmodel.obj
c:\users\pengi\onedrive\デスクトップ\gm31\11_samplelandg\dx11game\x64\debug\titleselect.obj
c:\users\pengi\onedrive\デスクトップ\gm31\11_samplelandg\dx11game\x64\debug\title.obj
c:\users\pengi\onedrive\デスクトップ\gm31\11_samplelandg\dx11game\x64\debug\texture.obj
c:\users\pengi\onedrive\デスクトップ\gm31\11_samplelandg\dx11game\x64\debug\stegeselect.obj
c:\users\pengi\onedrive\デスクトップ\gm31\11_samplelandg\dx11game\x64\debug\sphere.obj
c:\users\pengi\onedrive\デスクトップ\gm31\11_samplelandg\dx11game\x64\debug\sound.obj
c:\users\pengi\onedrive\デスクトップ\gm31\11_samplelandg\dx11game\x64\debug\shadow.obj
c:\users\pengi\onedrive\デスクトップ\gm31\11_samplelandg\dx11game\x64\debug\shader.obj
c:\users\pengi\onedrive\デスクトップ\gm31\11_samplelandg\dx11game\x64\debug\score.obj
c:\users\pengi\onedrive\デスクトップ\gm31\11_samplelandg\dx11game\x64\debug\sceneselect.obj
c:\users\pengi\onedrive\デスクトップ\gm31\11_samplelandg\dx11game\x64\debug\scenerule.obj
c:\users\pengi\onedrive\デスクトップ\gm31\11_samplelandg\dx11game\x64\debug\scene.obj
c:\users\pengi\onedrive\デスクトップ\gm31\11_samplelandg\dx11game\x64\debug\polygon.obj
c:\users\pengi\onedrive\デスクトップ\gm31\11_samplelandg\dx11game\x64\debug\player.obj
c:\users\pengi\onedrive\デスクトップ\gm31\11_samplelandg\dx11game\dx11gamed.lib
c:\users\pengi\onedrive\デスクトップ\gm31\11_samplelandg\dx11game\dx11gamed.exp
c:\users\pengi\onedrive\デスクトップ\gm31\11_samplelandg\dx11game\data\shader\assimpvertex.cso
c:\users\pengi\onedrive\デスクトップ\gm31\11_samplelandg\dx11game\data\shader\bampvs.cso
c:\users\pengi\onedrive\デスクトップ\gm31\11_samplelandg\dx11game\data\shader\bumpps.cso
c:\users\pengi\onedrive\デスクトップ\gm31\11_samplelandg\dx11game\data\shader\exppixel.cso
c:\users\pengi\onedrive\デスクトップ\gm31\11_samplelandg\dx11game\data\shader\expvertex.cso
c:\users\pengi\onedrive\デスクトップ\gm31\11_samplelandg\dx11game\data\shader\outlineps.cso
c:\users\pengi\onedrive\デスクトップ\gm31\11_samplelandg\dx11game\data\shader\outlinevs.cso
c:\users\pengi\onedrive\デスクトップ\gm31\11_samplelandg\dx11game\data\shader\pixel.cso
c:\users\pengi\onedrive\デスクトップ\gm31\11_samplelandg\dx11game\data\shader\pixel2d.cso
c:\users\pengi\onedrive\デスクトップ\gm31\11_samplelandg\dx11game\data\shader\vertex.cso
c:\users\pengi\onedrive\デスクトップ\gm31\11_samplelandg\dx11game\data\shader\vertex2d.cso
c:\users\pengi\onedrive\デスクトップ\gm31\11_samplelandg\dx11game\data\shader\assimppixel.cso
c:\users\pengi\onedrive\デスクトップ\gm31\11_samplelandg\dx11game\data\shader\toonps.cso
c:\users\pengi\onedrive\デスクトップ\gm31\11_samplelandg\dx11game\data\shader\pointps.cso
c:\users\pengi\onedrive\デスクトップ\gm31\11_samplelandg\dx11game\data\shader\pointvs.cso
c:\users\pengi\onedrive\デスクトップ\gm31\11_samplelandg\dx11game\data\shader\toonvs.cso
c:\users\pengi\onedrive\デスクトップ\gm31\11_samplelandg\dx11game\dx11gamed.exe
c:\users\pengi\onedrive\デスクトップ\gm31\11_samplelandg\dx11game\dx11gamed.ilk
c:\users\pengi\onedrive\デスクトップ\gm31\11_samplelandg\dx11game\dx11gamed.pdb
c:\users\pengi\onedrive\デスクトップ\gm31\11_samplelandg\dx11game\x64\debug\dx11game.res
c:\users\pengi\onedrive\デスクトップ\gm31\11_samplelandg\dx11game\x64\debug\dx11game.tlog\cl.command.1.tlog
c:\users\pengi\onedrive\デスクトップ\gm31\11_samplelandg\dx11game\x64\debug\dx11game.tlog\cl.read.1.tlog
c:\users\pengi\onedrive\デスクトップ\gm31\11_samplelandg\dx11game\x64\debug\dx11game.tlog\cl.write.1.tlog
c:\users\pengi\onedrive\デスクトップ\gm31\11_samplelandg\dx11game\x64\debug\dx11game.tlog\dx11game.write.1u.tlog
c:\users\pengi\onedrive\デスクトップ\gm31\11_samplelandg\dx11game\x64\debug\dx11game.tlog\fxc.command.1.tlog
c:\users\pengi\onedrive\デスクトップ\gm31\11_samplelandg\dx11game\x64\debug\dx11game.tlog\fxc.read.1.tlog
c:\users\pengi\onedrive\デスクトップ\gm31\11_samplelandg\dx11game\x64\debug\dx11game.tlog\fxc.write.1.tlog
c:\users\pengi\onedrive\デスクトップ\gm31\11_samplelandg\dx11game\x64\debug\dx11game.tlog\link.command.1.tlog
c:\users\pengi\onedrive\デスクトップ\gm31\11_samplelandg\dx11game\x64\debug\dx11game.tlog\link.read.1.tlog
c:\users\pengi\onedrive\デスクトップ\gm31\11_samplelandg\dx11game\x64\debug\dx11game.tlog\link.write.1.tlog
c:\users\pengi\onedrive\デスクトップ\gm31\11_samplelandg\dx11game\x64\debug\dx11game.tlog\rc.command.1.tlog
c:\users\pengi\onedrive\デスクトップ\gm31\11_samplelandg\dx11game\x64\debug\dx11game.tlog\rc.read.1.tlog
c:\users\pengi\onedrive\デスクトップ\gm31\11_samplelandg\dx11game\x64\debug\dx11game.tlog\rc.write.1.tlog
